1488250207490	geckodriver	INFO	Listening on 127.0.0.1:64983
1488250212171	mozprofile::profile	INFO	Using profile path C:\Users\ELDEN~1.ZHE\AppData\Local\Temp\rust_mozprofile.fZJL0w80iUFC
1488250212583	geckodriver::marionette	INFO	Starting browser C:\Program Files\Mozilla Firefox\firefox.exe
1488250212622	geckodriver::marionette	INFO	Connecting to Marionette on localhost:64991
1488250213634	addons.manager	DEBUG	Loaded provider scope for resource://gre/modules/addons/XPIProvider.jsm: ["XPIProvider"]
1488250213636	addons.manager	DEBUG	Loaded provider scope for resource://gre/modules/LightweightThemeManager.jsm: ["LightweightThemeManager"]
1488250213640	addons.manager	DEBUG	Loaded provider scope for resource://gre/modules/addons/GMPProvider.jsm
1488250213641	addons.manager	DEBUG	Loaded provider scope for resource://gre/modules/addons/PluginProvider.jsm
1488250213642	addons.manager	DEBUG	Starting provider: XPIProvider
1488250213643	addons.xpi	DEBUG	startup
1488250213644	addons.xpi	INFO	Mapping firebug@software.joehewitt.com to C:\Users\ELDEN~1.ZHE\AppData\Local\Temp\rust_mozprofile.fZJL0w80iUFC\extensions\firebug@software.joehewitt.com.xpi
1488250213644	addons.xpi	INFO	Mapping FireXPath@pierre.tholence.com to C:\Users\ELDEN~1.ZHE\AppData\Local\Temp\rust_mozprofile.fZJL0w80iUFC\extensions\FireXPath@pierre.tholence.com.xpi
1488250213644	addons.xpi	INFO	Mapping {7eb3f691-25b4-4a85-9038-9e57e2bcd537} to C:\Users\ELDEN~1.ZHE\AppData\Local\Temp\rust_mozprofile.fZJL0w80iUFC\extensions\{7eb3f691-25b4-4a85-9038-9e57e2bcd537}.xpi
1488250213645	addons.xpi	INFO	Mapping {a6fd85ed-e919-4a43-a5af-8da18bda539f} to C:\Users\ELDEN~1.ZHE\AppData\Local\Temp\rust_mozprofile.fZJL0w80iUFC\extensions\{a6fd85ed-e919-4a43-a5af-8da18bda539f}.xpi
1488250213645	addons.xpi	INFO	SystemAddonInstallLocation scanning directory C:\Users\ELDEN~1.ZHE\AppData\Local\Temp\rust_mozprofile.fZJL0w80iUFC\features\{c2ba7c4b-ae4a-4f1f-94c6-9058a80620f0}
1488250213646	addons.xpi	INFO	Mapping diagnostics@mozilla.org to C:\Users\ELDEN~1.ZHE\AppData\Local\Temp\rust_mozprofile.fZJL0w80iUFC\features\{c2ba7c4b-ae4a-4f1f-94c6-9058a80620f0}\diagnostics@mozilla.org.xpi
1488250213646	addons.xpi	INFO	Mapping disableSHA1rollout@mozilla.org to C:\Users\ELDEN~1.ZHE\AppData\Local\Temp\rust_mozprofile.fZJL0w80iUFC\features\{c2ba7c4b-ae4a-4f1f-94c6-9058a80620f0}\disableSHA1rollout@mozilla.org.xpi
1488250213646	addons.xpi	INFO	Mapping hsts-priming@mozilla.org to C:\Users\ELDEN~1.ZHE\AppData\Local\Temp\rust_mozprofile.fZJL0w80iUFC\features\{c2ba7c4b-ae4a-4f1f-94c6-9058a80620f0}\hsts-priming@mozilla.org.xpi
1488250213647	addons.xpi	INFO	Mapping aushelper@mozilla.org to C:\Program Files\Mozilla Firefox\browser\features\aushelper@mozilla.org.xpi
1488250213648	addons.xpi	INFO	Mapping e10srollout@mozilla.org to C:\Program Files\Mozilla Firefox\browser\features\e10srollout@mozilla.org.xpi
1488250213648	addons.xpi	INFO	Mapping firefox@getpocket.com to C:\Program Files\Mozilla Firefox\browser\features\firefox@getpocket.com.xpi
1488250213649	addons.xpi	INFO	Mapping webcompat@mozilla.org to C:\Program Files\Mozilla Firefox\browser\features\webcompat@mozilla.org.xpi
1488250213649	addons.xpi	INFO	Mapping {972ce4c6-7e08-4474-a285-3208198ce6fd} to C:\Program Files\Mozilla Firefox\browser\extensions\{972ce4c6-7e08-4474-a285-3208198ce6fd}.xpi
1488250213650	addons.xpi	DEBUG	checkForChanges
1488250213651	addons.xpi	DEBUG	Loaded add-on state from prefs: {"app-profile":{"firebug@software.joehewitt.com":{"d":"C:\\Users\\elden.zheng\\AppData\\Roaming\\Mozilla\\Firefox\\Profiles\\9ar61g3i.default\\extensions\\firebug@software.joehewitt.com.xpi","e":true,"v":"2.0.18","st":1487123740381},"FireXPath@pierre.tholence.com":{"d":"C:\\Users\\elden.zheng\\AppData\\Roaming\\Mozilla\\Firefox\\Profiles\\9ar61g3i.default\\extensions\\FireXPath@pierre.tholence.com.xpi","e":true,"v":"0.9.7.1.1-signed.1-signed","st":1487235624378},"{7eb3f691-25b4-4a85-9038-9e57e2bcd537}":{"d":"C:\\Users\\elden.zheng\\AppData\\Roaming\\Mozilla\\Firefox\\Profiles\\9ar61g3i.default\\extensions\\{7eb3f691-25b4-4a85-9038-9e57e2bcd537}.xpi","e":true,"v":"0.4.4.1-signed.1-signed","st":1487235778431},"{a6fd85ed-e919-4a43-a5af-8da18bda539f}":{"d":"C:\\Users\\elden.zheng\\AppData\\Roaming\\Mozilla\\Firefox\\Profiles\\9ar61g3i.default\\extensions\\{a6fd85ed-e919-4a43-a5af-8da18bda539f}.xpi","e":true,"v":"2.9.1.1-signed","st":1487123650991}},"app-system-addons":{"diagnostics@mozilla.org":{"d":"C:\\Users\\elden.zheng\\AppData\\Roaming\\Mozilla\\Firefox\\Profiles\\9ar61g3i.default\\features\\{c2ba7c4b-ae4a-4f1f-94c6-9058a80620f0}\\diagnostics@mozilla.org.xpi","e":true,"v":"1.0","st":1487312533958},"disableSHA1rollout@mozilla.org":{"d":"C:\\Users\\elden.zheng\\AppData\\Roaming\\Mozilla\\Firefox\\Profiles\\9ar61g3i.default\\features\\{c2ba7c4b-ae4a-4f1f-94c6-9058a80620f0}\\disableSHA1rollout@mozilla.org.xpi","e":true,"v":"1.2","st":1487312534905},"hsts-priming@mozilla.org":{"d":"C:\\Users\\elden.zheng\\AppData\\Roaming\\Mozilla\\Firefox\\Profiles\\9ar61g3i.default\\features\\{c2ba7c4b-ae4a-4f1f-94c6-9058a80620f0}\\hsts-priming@mozilla.org.xpi","e":true,"v":"1.0","st":1487312533958}},"app-system-defaults":{"aushelper@mozilla.org":{"d":"C:\\Program Files\\Mozilla Firefox\\browser\\features\\aushelper@mozilla.org.xpi","e":true,"v":"1.0","st":1487124332762},"e10srollout@mozilla.org":{"d":"C:\\Program Files\\Mozilla Firefox\\browser\\features\\e10srollout@mozilla.org.xpi","e":true,"v":"1.7","st":1487124332758},"firefox@getpocket.com":{"d":"C:\\Program Files\\Mozilla Firefox\\browser\\features\\firefox@getpocket.com.xpi","e":true,"v":"1.0.5","st":1487124332755},"webcompat@mozilla.org":{"d":"C:\\Program Files\\Mozilla Firefox\\browser\\features\\webcompat@mozilla.org.xpi","e":true,"v":"1.0","st":1487124332748}},"winreg-app-user":{"dict@www.youdao.com":{"d":"C:\\Users\\elden.zheng\\AppData\\Local\\Youdao\\Dict\\Application\\stable\\extensions\\firefox","e":false,"v":"1.81","st":1461684448090,"mt":1461684448087}},"app-global":{"{972ce4c6-7e08-4474-a285-3208198ce6fd}":{"d":"C:\\Program Files\\Mozilla Firefox\\browser\\extensions\\{972ce4c6-7e08-4474-a285-3208198ce6fd}.xpi","e":true,"v":"51.0.1","st":1487124332765}}}
1488250213652	addons.xpi	DEBUG	getModTime: Recursive scan of firebug@software.joehewitt.com
1488250213652	addons.xpi	DEBUG	Changed add-on firebug@software.joehewitt.com in app-profile
1488250213653	addons.xpi	DEBUG	getModTime: Recursive scan of FireXPath@pierre.tholence.com
1488250213654	addons.xpi	DEBUG	Changed add-on FireXPath@pierre.tholence.com in app-profile
1488250213654	addons.xpi	DEBUG	getModTime: Recursive scan of {7eb3f691-25b4-4a85-9038-9e57e2bcd537}
1488250213654	addons.xpi	DEBUG	Changed add-on {7eb3f691-25b4-4a85-9038-9e57e2bcd537} in app-profile
1488250213655	addons.xpi	DEBUG	getModTime: Recursive scan of {a6fd85ed-e919-4a43-a5af-8da18bda539f}
1488250213655	addons.xpi	DEBUG	Changed add-on {a6fd85ed-e919-4a43-a5af-8da18bda539f} in app-profile
1488250213656	addons.xpi	DEBUG	getModTime: Recursive scan of diagnostics@mozilla.org
1488250213656	addons.xpi	DEBUG	Changed add-on diagnostics@mozilla.org in app-system-addons
1488250213657	addons.xpi	DEBUG	getModTime: Recursive scan of disableSHA1rollout@mozilla.org
1488250213657	addons.xpi	DEBUG	Changed add-on disableSHA1rollout@mozilla.org in app-system-addons
1488250213657	addons.xpi	DEBUG	getModTime: Recursive scan of hsts-priming@mozilla.org
1488250213658	addons.xpi	DEBUG	Changed add-on hsts-priming@mozilla.org in app-system-addons
1488250213658	addons.xpi	DEBUG	getModTime: Recursive scan of aushelper@mozilla.org
1488250213658	addons.xpi	DEBUG	Changed add-on aushelper@mozilla.org in app-system-defaults
1488250213658	addons.xpi	DEBUG	getModTime: Recursive scan of e10srollout@mozilla.org
1488250213659	addons.xpi	DEBUG	Changed add-on e10srollout@mozilla.org in app-system-defaults
1488250213659	addons.xpi	DEBUG	getModTime: Recursive scan of firefox@getpocket.com
1488250213659	addons.xpi	DEBUG	Changed add-on firefox@getpocket.com in app-system-defaults
1488250213659	addons.xpi	DEBUG	getModTime: Recursive scan of webcompat@mozilla.org
1488250213660	addons.xpi	DEBUG	Changed add-on webcompat@mozilla.org in app-system-defaults
1488250213660	addons.xpi	DEBUG	getModTime: Recursive scan of {972ce4c6-7e08-4474-a285-3208198ce6fd}
1488250213661	addons.xpi	DEBUG	Changed add-on {972ce4c6-7e08-4474-a285-3208198ce6fd} in app-global
1488250213661	addons.xpi	DEBUG	getInstallState changed: true, state: {"app-profile":{"firebug@software.joehewitt.com":{"d":"C:\\Users\\ELDEN~1.ZHE\\AppData\\Local\\Temp\\rust_mozprofile.fZJL0w80iUFC\\extensions\\firebug@software.joehewitt.com.xpi","e":true,"v":"2.0.18","st":1488250212354},"FireXPath@pierre.tholence.com":{"d":"C:\\Users\\ELDEN~1.ZHE\\AppData\\Local\\Temp\\rust_mozprofile.fZJL0w80iUFC\\extensions\\FireXPath@pierre.tholence.com.xpi","e":true,"v":"0.9.7.1.1-signed.1-signed","st":1488250212355},"{7eb3f691-25b4-4a85-9038-9e57e2bcd537}":{"d":"C:\\Users\\ELDEN~1.ZHE\\AppData\\Local\\Temp\\rust_mozprofile.fZJL0w80iUFC\\extensions\\{7eb3f691-25b4-4a85-9038-9e57e2bcd537}.xpi","e":true,"v":"0.4.4.1-signed.1-signed","st":1488250212356},"{a6fd85ed-e919-4a43-a5af-8da18bda539f}":{"d":"C:\\Users\\ELDEN~1.ZHE\\AppData\\Local\\Temp\\rust_mozprofile.fZJL0w80iUFC\\extensions\\{a6fd85ed-e919-4a43-a5af-8da18bda539f}.xpi","e":true,"v":"2.9.1.1-signed","st":1488250212364}},"app-system-addons":{"diagnostics@mozilla.org":{"d":"C:\\Users\\ELDEN~1.ZHE\\AppData\\Local\\Temp\\rust_mozprofile.fZJL0w80iUFC\\features\\{c2ba7c4b-ae4a-4f1f-94c6-9058a80620f0}\\diagnostics@mozilla.org.xpi","e":true,"v":"1.0","st":1488250212365},"disableSHA1rollout@mozilla.org":{"d":"C:\\Users\\ELDEN~1.ZHE\\AppData\\Local\\Temp\\rust_mozprofile.fZJL0w80iUFC\\features\\{c2ba7c4b-ae4a-4f1f-94c6-9058a80620f0}\\disableSHA1rollout@mozilla.org.xpi","e":true,"v":"1.2","st":1488250212378},"hsts-priming@mozilla.org":{"d":"C:\\Users\\ELDEN~1.ZHE\\AppData\\Local\\Temp\\rust_mozprofile.fZJL0w80iUFC\\features\\{c2ba7c4b-ae4a-4f1f-94c6-9058a80620f0}\\hsts-priming@mozilla.org.xpi","e":true,"v":"1.0","st":1488250212379}},"app-system-defaults":{"aushelper@mozilla.org":{"d":"C:\\Program Files\\Mozilla Firefox\\browser\\features\\aushelper@mozilla.org.xpi","e":true,"v":"1.0","st":1487124332762},"e10srollout@mozilla.org":{"d":"C:\\Program Files\\Mozilla Firefox\\browser\\features\\e10srollout@mozilla.org.xpi","e":true,"v":"1.7","st":1487124332758},"firefox@getpocket.com":{"d":"C:\\Program Files\\Mozilla Firefox\\browser\\features\\firefox@getpocket.com.xpi","e":true,"v":"1.0.5","st":1487124332755},"webcompat@mozilla.org":{"d":"C:\\Program Files\\Mozilla Firefox\\browser\\features\\webcompat@mozilla.org.xpi","e":true,"v":"1.0","st":1487124332748}},"app-global":{"{972ce4c6-7e08-4474-a285-3208198ce6fd}":{"d":"C:\\Program Files\\Mozilla Firefox\\browser\\extensions\\{972ce4c6-7e08-4474-a285-3208198ce6fd}.xpi","e":true,"v":"51.0.1","st":1487124332765}}}
1488250213670	addons.xpi-utils	DEBUG	Opening XPI database C:\Users\ELDEN~1.ZHE\AppData\Local\Temp\rust_mozprofile.fZJL0w80iUFC\extensions.json
1488250213678	addons.xpi-utils	DEBUG	Successfully read XPI database
1488250213680	addons.xpi-utils	DEBUG	Add-on {a6fd85ed-e919-4a43-a5af-8da18bda539f} modified in app-profile
*** Blocklist::_loadBlocklistFromFile: blocklist is disabled
1488250213744	DeferredSave.extensions.json	DEBUG	Save changes
1488250213746	DeferredSave.extensions.json	DEBUG	Save changes
1488250213746	addons.xpi-utils	DEBUG	Add-on firebug@software.joehewitt.com modified in app-profile
1488250213751	DeferredSave.extensions.json	DEBUG	Starting timer
1488250213775	DeferredSave.extensions.json	DEBUG	Starting write
1488250213828	DeferredSave.extensions.json	DEBUG	Write succeeded
1488250213828	addons.xpi-utils	DEBUG	XPI Database saved, setting schema version preference to 19
1488250213857	DeferredSave.extensions.json	DEBUG	Save changes
1488250213859	DeferredSave.extensions.json	DEBUG	Save changes
1488250213859	addons.xpi-utils	DEBUG	Add-on FireXPath@pierre.tholence.com modified in app-profile
1488250213866	DeferredSave.extensions.json	DEBUG	Starting timer
1488250213871	DeferredSave.extensions.json	DEBUG	Save changes
1488250213872	DeferredSave.extensions.json	DEBUG	Save changes
1488250213872	addons.xpi-utils	DEBUG	Add-on {7eb3f691-25b4-4a85-9038-9e57e2bcd537} modified in app-profile
1488250213880	addons.xpi	WARN	Add-on {7eb3f691-25b4-4a85-9038-9e57e2bcd537} is not compatible with application version.
1488250213881	DeferredSave.extensions.json	DEBUG	Save changes
1488250213882	DeferredSave.extensions.json	DEBUG	Save changes
1488250213882	addons.xpi-utils	DEBUG	Add-on diagnostics@mozilla.org modified in app-system-addons
1488250213888	DeferredSave.extensions.json	DEBUG	Starting write
1488250213891	DeferredSave.extensions.json	DEBUG	Save changes
1488250213891	DeferredSave.extensions.json	DEBUG	Data changed while write in progress
1488250213892	DeferredSave.extensions.json	DEBUG	Save changes
1488250213892	addons.xpi-utils	DEBUG	Add-on hsts-priming@mozilla.org modified in app-system-addons
1488250213897	DeferredSave.extensions.json	DEBUG	Write succeeded
1488250213897	DeferredSave.extensions.json	DEBUG	Starting timer
1488250213900	DeferredSave.extensions.json	DEBUG	Save changes
1488250213900	DeferredSave.extensions.json	DEBUG	Save changes
1488250213900	addons.xpi-utils	DEBUG	Add-on disableSHA1rollout@mozilla.org modified in app-system-addons
1488250213907	DeferredSave.extensions.json	DEBUG	Save changes
1488250213907	DeferredSave.extensions.json	DEBUG	Save changes
1488250213908	addons.xpi-utils	DEBUG	Add-on dict@www.youdao.com removed from winreg-app-user
1488250213909	DeferredSave.extensions.json	DEBUG	Save changes
1488250213910	addons.manager	DEBUG	Registering startup change 'changed' for {a6fd85ed-e919-4a43-a5af-8da18bda539f}
1488250213910	addons.xpi-utils	DEBUG	Make addon app-profile:{a6fd85ed-e919-4a43-a5af-8da18bda539f} visible
1488250213911	DeferredSave.extensions.json	DEBUG	Save changes
1488250213911	addons.manager	DEBUG	Registering startup change 'changed' for firebug@software.joehewitt.com
1488250213920	addons.xpi	DEBUG	Loading bootstrap scope from C:\Users\elden.zheng\AppData\Roaming\Mozilla\Firefox\Profiles\9ar61g3i.default\extensions\firebug@software.joehewitt.com.xpi
1488250213926	addons.xpi	DEBUG	Calling bootstrap method uninstall on firebug@software.joehewitt.com version 2.0.18
1488250213926	addons.xpi	DEBUG	Loading bootstrap scope from C:\Users\ELDEN~1.ZHE\AppData\Local\Temp\rust_mozprofile.fZJL0w80iUFC\extensions\firebug@software.joehewitt.com.xpi
1488250213930	addons.xpi	DEBUG	Calling bootstrap method install on firebug@software.joehewitt.com version 2.0.18
1488250213931	addons.xpi-utils	DEBUG	Make addon app-profile:firebug@software.joehewitt.com visible
1488250213931	DeferredSave.extensions.json	DEBUG	Save changes
1488250213931	addons.manager	DEBUG	Registering startup change 'changed' for FireXPath@pierre.tholence.com
1488250213932	addons.xpi-utils	DEBUG	Make addon app-profile:FireXPath@pierre.tholence.com visible
1488250213932	DeferredSave.extensions.json	DEBUG	Save changes
1488250213932	addons.manager	DEBUG	Registering startup change 'changed' for {7eb3f691-25b4-4a85-9038-9e57e2bcd537}
1488250213933	addons.manager	DEBUG	Registering startup change 'disabled' for {7eb3f691-25b4-4a85-9038-9e57e2bcd537}
1488250213933	addons.xpi-utils	DEBUG	Make addon app-profile:{7eb3f691-25b4-4a85-9038-9e57e2bcd537} visible
1488250213933	DeferredSave.extensions.json	DEBUG	Save changes
1488250213934	addons.manager	DEBUG	Registering startup change 'changed' for diagnostics@mozilla.org
1488250213935	addons.xpi	DEBUG	Loading bootstrap scope from C:\Users\elden.zheng\AppData\Roaming\Mozilla\Firefox\Profiles\9ar61g3i.default\features\{c2ba7c4b-ae4a-4f1f-94c6-9058a80620f0}\diagnostics@mozilla.org.xpi
1488250213940	addons.xpi	DEBUG	Calling bootstrap method uninstall on diagnostics@mozilla.org version 1.0
1488250213941	addons.xpi	DEBUG	Loading bootstrap scope from C:\Users\ELDEN~1.ZHE\AppData\Local\Temp\rust_mozprofile.fZJL0w80iUFC\features\{c2ba7c4b-ae4a-4f1f-94c6-9058a80620f0}\diagnostics@mozilla.org.xpi
1488250213944	addons.xpi	DEBUG	Calling bootstrap method install on diagnostics@mozilla.org version 1.0
1488250213948	addons.xpi-utils	DEBUG	Make addon app-system-addons:diagnostics@mozilla.org visible
1488250213949	DeferredSave.extensions.json	DEBUG	Save changes
1488250213949	addons.manager	DEBUG	Registering startup change 'changed' for hsts-priming@mozilla.org
1488250213949	addons.xpi	DEBUG	Loading bootstrap scope from C:\Users\elden.zheng\AppData\Roaming\Mozilla\Firefox\Profiles\9ar61g3i.default\features\{c2ba7c4b-ae4a-4f1f-94c6-9058a80620f0}\hsts-priming@mozilla.org.xpi
1488250213952	addons.xpi	DEBUG	Calling bootstrap method uninstall on hsts-priming@mozilla.org version 1.0
1488250213952	addons.xpi	DEBUG	Loading bootstrap scope from C:\Users\ELDEN~1.ZHE\AppData\Local\Temp\rust_mozprofile.fZJL0w80iUFC\features\{c2ba7c4b-ae4a-4f1f-94c6-9058a80620f0}\hsts-priming@mozilla.org.xpi
1488250213955	addons.xpi	DEBUG	Calling bootstrap method install on hsts-priming@mozilla.org version 1.0
1488250213955	addons.xpi-utils	DEBUG	Make addon app-system-addons:hsts-priming@mozilla.org visible
1488250213956	DeferredSave.extensions.json	DEBUG	Save changes
1488250213957	addons.manager	DEBUG	Registering startup change 'changed' for disableSHA1rollout@mozilla.org
1488250213957	addons.xpi	DEBUG	Loading bootstrap scope from C:\Users\elden.zheng\AppData\Roaming\Mozilla\Firefox\Profiles\9ar61g3i.default\features\{c2ba7c4b-ae4a-4f1f-94c6-9058a80620f0}\disableSHA1rollout@mozilla.org.xpi
1488250213962	addons.xpi	DEBUG	Calling bootstrap method uninstall on disableSHA1rollout@mozilla.org version 1.2
1488250213963	addons.xpi	DEBUG	Loading bootstrap scope from C:\Users\ELDEN~1.ZHE\AppData\Local\Temp\rust_mozprofile.fZJL0w80iUFC\features\{c2ba7c4b-ae4a-4f1f-94c6-9058a80620f0}\disableSHA1rollout@mozilla.org.xpi
1488250213966	addons.xpi	DEBUG	Calling bootstrap method install on disableSHA1rollout@mozilla.org version 1.2
1488250213996	addons.xpi-utils	DEBUG	Make addon app-system-addons:disableSHA1rollout@mozilla.org visible
1488250213997	DeferredSave.extensions.json	DEBUG	Save changes
1488250213997	addons.xpi-utils	DEBUG	Make addon app-system-defaults:aushelper@mozilla.org visible
1488250213998	DeferredSave.extensions.json	DEBUG	Save changes
1488250213998	addons.xpi-utils	DEBUG	Make addon app-system-defaults:e10srollout@mozilla.org visible
1488250213999	DeferredSave.extensions.json	DEBUG	Save changes
1488250213999	addons.xpi-utils	DEBUG	Make addon app-system-defaults:firefox@getpocket.com visible
1488250214000	DeferredSave.extensions.json	DEBUG	Save changes
1488250214000	addons.xpi-utils	DEBUG	Make addon app-system-defaults:webcompat@mozilla.org visible
1488250214001	DeferredSave.extensions.json	DEBUG	Save changes
1488250214001	addons.xpi-utils	DEBUG	Make addon app-global:{972ce4c6-7e08-4474-a285-3208198ce6fd} visible
1488250214002	DeferredSave.extensions.json	DEBUG	Save changes
1488250214002	addons.manager	DEBUG	Registering startup change 'uninstalled' for dict@www.youdao.com
1488250214003	addons.xpi	DEBUG	Updating XPIState for {"id":"{a6fd85ed-e919-4a43-a5af-8da18bda539f}","syncGUID":"{5b50b9f5-5ebb-4dd0-b893-2f6f3a56413d}","location":"app-profile","version":"2.9.1.1-signed","type":"extension","internalName":null,"updateURL":null,"updateKey":null,"optionsURL":"chrome://selenium-ide/content/optionsDialog.xul","optionsType":null,"aboutURL":null,"icons":{},"iconURL":"chrome://selenium-ide/content/images/selenium-ide-logo32.png","icon64URL":null,"defaultLocale":{"name":"Selenium IDE","description":"Record, edit and play Selenium tests","creator":"Shinya Kasatani","homepageURL":"http://seleniumhq.org/projects/ide","developers":["Adam Goucher","Samit Badle","Dave Hunt"]},"visible":true,"active":true,"userDisabled":false,"appDisabled":false,"descriptor":"C:\\Users\\ELDEN~1.ZHE\\AppData\\Local\\Temp\\rust_mozprofile.fZJL0w80iUFC\\extensions\\{a6fd85ed-e919-4a43-a5af-8da18bda539f}.xpi","installDate":1487123650991,"updateDate":1488250212364,"applyBackgroundUpdates":1,"bootstrap":false,"skinnable":false,"size":2920070,"sourceURI":null,"releaseNotesURI":null,"softDisabled":false,"foreignInstall":false,"hasBinaryComponents":false,"strictCompatibility":false,"locales":[{"locales":["fr-FR"],"name":"Selenium IDE","description":"Enregistrer, modifier et exécuter des tests Selenium","creator":null,"homepageURL":null}],"targetApplications":[{"id":"{ec8030f7-c20a-464f-9b0e-13a3a9e97384}","minVersion":"3.6.*","maxVersion":"34.*"}],"targetPlatforms":[],"multiprocessCompatible":false,"signedState":1,"seen":true,"dependencies":[],"hasEmbeddedWebExtension":false,"mpcOptedOut":false}
1488250214003	addons.xpi	DEBUG	Updating XPIState for {"id":"firebug@software.joehewitt.com","syncGUID":"{676ab594-56bd-4e51-9d37-3d6ec3c7113f}","location":"app-profile","version":"2.0.18","type":"extension","internalName":null,"updateURL":null,"updateKey":null,"optionsURL":null,"optionsType":null,"aboutURL":null,"icons":{},"iconURL":"chrome://firebug/skin/firebugBig.png","icon64URL":null,"defaultLocale":{"name":"Firebug","description":"Web Development Evolved. Firebug is free and open source software distributed under the BSD License.","creator":"Joe Hewitt","homepageURL":"http://www.getfirebug.com/","translators":["Leszek(teo)Zyczkowski (pl-PL)","markh (nl)","peter3 (sv-SE)","AlleyKat (da-DK)","Hector Zhao, lovelywcm (zh-CN)","Lukas Kucharczyk, Michal Kec (cs-CZ)","Team erweiterungen.de, ReinekeFux, Benedikt Langens, Sebastian Zartner (de-DE)","l0stintranslation, gonzalopirobutirro, Luigi Grilli (it-IT)","alexxed (ro-RO)","Nicolas Martin, Franck Marcia (fr-FR)","gLes (hu-HU)","Xavi Ivars - Softcatala (ca)","gezmen (tr-TR)","eternoendless (es-AR)","Dark Preacher (ru)","Tiago Oliveira, Diego de Carvalho Zimmermann, Alexandre Rapaki (pt-BR)","Juan Botias, Alvaro G. Vicario (es-ES)","Andriy Zhouck (uk-UA)","Hisateru Tanaka, k2jp (ja-JP)","Mohsen Shadroo (fa-IR)","Eduard Babayan (hy-AM)","Helder Magalhaes (pt-PT)","Tomaz Macus (sl-SI)","Stoyan Stefanov, Alexander Shopov (bg)","Kristjan Bjarni Guomundsson (is-IS)","NGUYEN Manh Hung (vi-VN)","Bwah (hr-HR)","Sonickydon (el)","David Gonzales (es)","DakSrbija (sr)","bootleq (zh-TW)","Asier Iturralde Sarasola, Julen Irazoki Oteiza (eu)"],"contributors":["John J. Barton (IBM Almaden)","Jan Odvarko (Mozilla Corp.)","Max Stepanov (Aptana Inc.)","Rob Campbell (Mozilla Corp.)","Hans Hillen (Paciello Group, Mozilla)","Curtis Bartley (Mozilla Corp.)","Mike Collins (IBM Almaden)","Kevin Decker","Mike Ratcliffe (Mozilla Corp.)","Hernan Rodriguez Colmeiro","Austin Andrews","Christoph Dorn","Steven Roussey (Illuminations for Developers)","Sebastian Zartner","Harutyun Amirjanyan","Simon Lindholm","Stampolidis Anastasios","Joe Walker (Mozilla Corp.)","Vladimir Zhuravlev","Farshid Beheshti","Leon Sorokin","Florent Fayolle","Hector Zhao","Bharath Thiruveedula","Nathan Mische","Belakhdar Abdeldjalil","Jakob Kaltenbrunner"]},"visible":true,"active":true,"userDisabled":false,"appDisabled":false,"descriptor":"C:\\Users\\ELDEN~1.ZHE\\AppData\\Local\\Temp\\rust_mozprofile.fZJL0w80iUFC\\extensions\\firebug@software.joehewitt.com.xpi","installDate":1487123740381,"updateDate":1488250212354,"applyBackgroundUpdates":1,"bootstrap":true,"skinnable":false,"size":9681886,"sourceURI":null,"releaseNotesURI":null,"softDisabled":false,"foreignInstall":false,"hasBinaryComponents":false,"strictCompatibility":false,"locales":[],"targetApplications":[{"id":"toolkit@mozilla.org","minVersion":"30.0a1","maxVersion":"52.0"},{"id":"{ec8030f7-c20a-464f-9b0e-13a3a9e97384}","minVersion":"30.0a1","maxVersion":"52.0"}],"targetPlatforms":[],"multiprocessCompatible":true,"signedState":2,"seen":true,"dependencies":[],"hasEmbeddedWebExtension":false,"mpcOptedOut":false}
1488250214003	addons.xpi	DEBUG	Updating XPIState for {"id":"FireXPath@pierre.tholence.com","syncGUID":"{badb4c7d-5e66-4dd5-afb0-0174e20b5d87}","location":"app-profile","version":"0.9.7.1.1-signed.1-signed","type":"extension","internalName":null,"updateURL":null,"updateKey":null,"optionsURL":null,"optionsType":null,"aboutURL":null,"icons":{},"iconURL":"chrome://firepath/content/FirePath.png","icon64URL":null,"defaultLocale":{"name":"FirePath","description":"FirePath is a Firebug extension that adds a development tool to edit, inspect and generate XPath 1.0 expressions, CSS 3 selectors and JQuery selectors.","creator":"Pierre Tholence","homepageURL":null,"contributors":["David Rees"]},"visible":true,"active":true,"userDisabled":false,"appDisabled":false,"descriptor":"C:\\Users\\ELDEN~1.ZHE\\AppData\\Local\\Temp\\rust_mozprofile.fZJL0w80iUFC\\extensions\\FireXPath@pierre.tholence.com.xpi","installDate":1487235624378,"updateDate":1488250212355,"applyBackgroundUpdates":1,"bootstrap":false,"skinnable":false,"size":168435,"sourceURI":null,"releaseNotesURI":null,"softDisabled":false,"foreignInstall":false,"hasBinaryComponents":false,"strictCompatibility":false,"locales":[],"targetApplications":[{"id":"{ec8030f7-c20a-464f-9b0e-13a3a9e97384}","minVersion":"4.0","maxVersion":"34.*"}],"targetPlatforms":[],"multiprocessCompatible":false,"signedState":2,"seen":true,"dependencies":[],"hasEmbeddedWebExtension":false,"mpcOptedOut":false}
1488250214003	addons.xpi	DEBUG	Updating XPIState for {"id":"{7eb3f691-25b4-4a85-9038-9e57e2bcd537}","syncGUID":"{d8313896-6bd1-4454-9329-0b397373f24a}","location":"app-profile","version":"0.4.4.1-signed.1-signed","type":"extension","internalName":null,"updateURL":null,"updateKey":null,"optionsURL":null,"optionsType":null,"aboutURL":null,"icons":{},"iconURL":null,"icon64URL":null,"defaultLocale":{"name":"XPath Checker","description":"Try out XPath expressions on the current web page.","creator":"Brian Slesinsky","homepageURL":null},"visible":true,"active":false,"userDisabled":false,"appDisabled":true,"descriptor":"C:\\Users\\ELDEN~1.ZHE\\AppData\\Local\\Temp\\rust_mozprofile.fZJL0w80iUFC\\extensions\\{7eb3f691-25b4-4a85-9038-9e57e2bcd537}.xpi","installDate":1487235663138,"updateDate":1488250212356,"applyBackgroundUpdates":1,"bootstrap":false,"skinnable":false,"size":11344,"sourceURI":null,"releaseNotesURI":null,"softDisabled":false,"foreignInstall":false,"hasBinaryComponents":false,"strictCompatibility":false,"locales":[],"targetApplications":[{"id":"{ec8030f7-c20a-464f-9b0e-13a3a9e97384}","minVersion":"3.0","maxVersion":"3.6.*"}],"targetPlatforms":[],"multiprocessCompatible":false,"signedState":2,"seen":true,"dependencies":[],"hasEmbeddedWebExtension":false,"mpcOptedOut":false}
1488250214003	addons.xpi	DEBUG	Updating XPIState for {"id":"diagnostics@mozilla.org","syncGUID":"{2522c95a-61b4-411f-ad85-c66d4065f8a3}","location":"app-system-addons","version":"1.0","type":"extension","internalName":null,"updateURL":null,"updateKey":null,"optionsURL":null,"optionsType":null,"aboutURL":null,"icons":{},"iconURL":null,"icon64URL":null,"defaultLocale":{"name":"Diagnostics","description":"Diagnose Firefox update problems.","creator":null,"homepageURL":null},"visible":true,"active":true,"userDisabled":false,"appDisabled":false,"descriptor":"C:\\Users\\ELDEN~1.ZHE\\AppData\\Local\\Temp\\rust_mozprofile.fZJL0w80iUFC\\features\\{c2ba7c4b-ae4a-4f1f-94c6-9058a80620f0}\\diagnostics@mozilla.org.xpi","installDate":1487124461182,"updateDate":1488250212365,"applyBackgroundUpdates":1,"bootstrap":true,"skinnable":false,"size":7203,"sourceURI":null,"releaseNotesURI":null,"softDisabled":false,"foreignInstall":false,"hasBinaryComponents":false,"strictCompatibility":false,"locales":[],"targetApplications":[{"id":"{ec8030f7-c20a-464f-9b0e-13a3a9e97384}","minVersion":"50.*","maxVersion":"*"}],"targetPlatforms":[],"multiprocessCompatible":true,"signedState":3,"seen":true,"dependencies":[],"hasEmbeddedWebExtension":false,"mpcOptedOut":false}
1488250214003	addons.xpi	DEBUG	Updating XPIState for {"id":"hsts-priming@mozilla.org","syncGUID":"{2d44f4c8-ef00-42aa-875b-5e6c3d441953}","location":"app-system-addons","version":"1.0","type":"extension","internalName":null,"updateURL":null,"updateKey":null,"optionsURL":null,"optionsType":null,"aboutURL":null,"icons":{},"iconURL":null,"icon64URL":null,"defaultLocale":{"name":"Send HSTS Priming Requests","description":"Disables sending HSTS priming requests by default in Release.","creator":null,"homepageURL":null},"visible":true,"active":true,"userDisabled":false,"appDisabled":false,"descriptor":"C:\\Users\\ELDEN~1.ZHE\\AppData\\Local\\Temp\\rust_mozprofile.fZJL0w80iUFC\\features\\{c2ba7c4b-ae4a-4f1f-94c6-9058a80620f0}\\hsts-priming@mozilla.org.xpi","installDate":1487124461207,"updateDate":1488250212379,"applyBackgroundUpdates":1,"bootstrap":true,"skinnable":false,"size":6539,"sourceURI":null,"releaseNotesURI":null,"softDisabled":false,"foreignInstall":false,"hasBinaryComponents":false,"strictCompatibility":false,"locales":[],"targetApplications":[{"id":"{ec8030f7-c20a-464f-9b0e-13a3a9e97384}","minVersion":"51.0","maxVersion":"52.*"}],"targetPlatforms":[],"multiprocessCompatible":true,"signedState":3,"seen":true,"dependencies":[],"hasEmbeddedWebExtension":false,"mpcOptedOut":false}
1488250214004	addons.xpi	DEBUG	Updating XPIState for {"id":"disableSHA1rollout@mozilla.org","syncGUID":"{3be818fa-238e-46a2-947b-abd50a77ac52}","location":"app-system-addons","version":"1.2","type":"extension","internalName":null,"updateURL":null,"updateKey":null,"optionsURL":null,"optionsType":null,"aboutURL":null,"icons":{},"iconURL":null,"icon64URL":null,"defaultLocale":{"name":"SHA-1 deprecation staged rollout","description":"Staged rollout deprecating SHA-1 in certificate signatures.","creator":null,"homepageURL":null},"visible":true,"active":true,"userDisabled":false,"appDisabled":false,"descriptor":"C:\\Users\\ELDEN~1.ZHE\\AppData\\Local\\Temp\\rust_mozprofile.fZJL0w80iUFC\\features\\{c2ba7c4b-ae4a-4f1f-94c6-9058a80620f0}\\disableSHA1rollout@mozilla.org.xpi","installDate":1487312534905,"updateDate":1488250212378,"applyBackgroundUpdates":1,"bootstrap":true,"skinnable":false,"size":18421,"sourceURI":null,"releaseNotesURI":null,"softDisabled":false,"foreignInstall":false,"hasBinaryComponents":false,"strictCompatibility":false,"locales":[],"targetApplications":[{"id":"{ec8030f7-c20a-464f-9b0e-13a3a9e97384}","minVersion":"51.0","maxVersion":"52.*"}],"targetPlatforms":[],"multiprocessCompatible":true,"signedState":3,"seen":true,"dependencies":[],"hasEmbeddedWebExtension":false,"mpcOptedOut":false}
1488250214004	addons.xpi	DEBUG	Updating XPIState for {"id":"aushelper@mozilla.org","syncGUID":"{372331d4-db4b-49d7-a4c3-dfe1dc434847}","location":"app-system-defaults","version":"1.0","type":"extension","internalName":null,"updateURL":null,"updateKey":null,"optionsURL":null,"optionsType":null,"aboutURL":null,"icons":{},"iconURL":null,"icon64URL":null,"defaultLocale":{"name":"Application Update Service Helper","description":"Sets value(s) in the update url based on custom checks.","creator":null,"homepageURL":null},"visible":true,"active":true,"userDisabled":false,"appDisabled":false,"descriptor":"C:\\Program Files\\Mozilla Firefox\\browser\\features\\aushelper@mozilla.org.xpi","installDate":1481248518000,"updateDate":1487124332762,"applyBackgroundUpdates":1,"bootstrap":true,"skinnable":false,"size":5975,"sourceURI":null,"releaseNotesURI":null,"softDisabled":false,"foreignInstall":false,"hasBinaryComponents":false,"strictCompatibility":false,"locales":[],"targetApplications":[{"id":"{ec8030f7-c20a-464f-9b0e-13a3a9e97384}","minVersion":"51.0.1","maxVersion":"51.*"}],"targetPlatforms":[],"multiprocessCompatible":true,"seen":true,"dependencies":[],"hasEmbeddedWebExtension":false,"mpcOptedOut":false}
1488250214004	addons.xpi	DEBUG	Updating XPIState for {"id":"e10srollout@mozilla.org","syncGUID":"{29682a18-b5cd-40e2-aeb0-0e21cb4a9a26}","location":"app-system-defaults","version":"1.7","type":"extension","internalName":null,"updateURL":null,"updateKey":null,"optionsURL":null,"optionsType":null,"aboutURL":null,"icons":{},"iconURL":null,"icon64URL":null,"defaultLocale":{"name":"Multi-process staged rollout","description":"Staged rollout of Firefox multi-process feature.","creator":null,"homepageURL":null},"visible":true,"active":true,"userDisabled":false,"appDisabled":false,"descriptor":"C:\\Program Files\\Mozilla Firefox\\browser\\features\\e10srollout@mozilla.org.xpi","installDate":1481248518000,"updateDate":1487124332758,"applyBackgroundUpdates":1,"bootstrap":true,"skinnable":false,"size":6997,"sourceURI":null,"releaseNotesURI":null,"softDisabled":false,"foreignInstall":false,"hasBinaryComponents":false,"strictCompatibility":false,"locales":[],"targetApplications":[{"id":"{ec8030f7-c20a-464f-9b0e-13a3a9e97384}","minVersion":"51.0.1","maxVersion":"51.*"}],"targetPlatforms":[],"multiprocessCompatible":true,"seen":true,"dependencies":[],"hasEmbeddedWebExtension":false,"mpcOptedOut":false}
1488250214004	addons.xpi	DEBUG	Updating XPIState for {"id":"firefox@getpocket.com","syncGUID":"{ea7bb7ac-6236-4b00-ba01-af483f58ee49}","location":"app-system-defaults","version":"1.0.5","type":"extension","internalName":null,"updateURL":null,"updateKey":null,"optionsURL":null,"optionsType":null,"aboutURL":null,"icons":{},"iconURL":null,"icon64URL":null,"defaultLocale":{"name":"Pocket","description":"When you find something you want to view later, put it in Pocket.","creator":null,"homepageURL":null},"visible":true,"active":true,"userDisabled":false,"appDisabled":false,"descriptor":"C:\\Program Files\\Mozilla Firefox\\browser\\features\\firefox@getpocket.com.xpi","installDate":1481248518000,"updateDate":1487124332755,"applyBackgroundUpdates":1,"bootstrap":true,"skinnable":false,"size":921011,"sourceURI":null,"releaseNotesURI":null,"softDisabled":false,"foreignInstall":false,"hasBinaryComponents":false,"strictCompatibility":false,"locales":[],"targetApplications":[{"id":"{ec8030f7-c20a-464f-9b0e-13a3a9e97384}","minVersion":"51.0.1","maxVersion":"51.*"}],"targetPlatforms":[],"multiprocessCompatible":true,"seen":true,"dependencies":[],"hasEmbeddedWebExtension":false,"mpcOptedOut":false}
1488250214004	addons.xpi	DEBUG	Updating XPIState for {"id":"webcompat@mozilla.org","syncGUID":"{1645f620-86e3-4a99-b96d-7059d38426ce}","location":"app-system-defaults","version":"1.0","type":"extension","internalName":null,"updateURL":null,"updateKey":null,"optionsURL":null,"optionsType":null,"aboutURL":null,"icons":{},"iconURL":null,"icon64URL":null,"defaultLocale":{"name":"Web Compat","description":"Urgent post-release fixes for web compatibility.","creator":null,"homepageURL":null},"visible":true,"active":true,"userDisabled":false,"appDisabled":false,"descriptor":"C:\\Program Files\\Mozilla Firefox\\browser\\features\\webcompat@mozilla.org.xpi","installDate":1481248518000,"updateDate":1487124332748,"applyBackgroundUpdates":1,"bootstrap":true,"skinnable":false,"size":1570,"sourceURI":null,"releaseNotesURI":null,"softDisabled":false,"foreignInstall":false,"hasBinaryComponents":false,"strictCompatibility":false,"locales":[],"targetApplications":[{"id":"{ec8030f7-c20a-464f-9b0e-13a3a9e97384}","minVersion":"51.0.1","maxVersion":"51.*"}],"targetPlatforms":[],"multiprocessCompatible":true,"seen":true,"dependencies":[],"hasEmbeddedWebExtension":false,"mpcOptedOut":false}
1488250214005	addons.xpi	DEBUG	Updating XPIState for {"id":"{972ce4c6-7e08-4474-a285-3208198ce6fd}","syncGUID":"bfsOovzIg--g","location":"app-global","version":"51.0.1","type":"theme","internalName":"classic/1.0","updateURL":null,"updateKey":null,"optionsURL":null,"optionsType":null,"aboutURL":null,"icons":{"32":"icon.png","48":"icon.png"},"iconURL":null,"icon64URL":null,"defaultLocale":{"name":"Default","description":"The default theme.","creator":"Mozilla","homepageURL":null,"contributors":["Mozilla Contributors"]},"visible":true,"active":true,"userDisabled":false,"appDisabled":false,"descriptor":"C:\\Program Files\\Mozilla Firefox\\browser\\extensions\\{972ce4c6-7e08-4474-a285-3208198ce6fd}.xpi","installDate":1347328443865,"updateDate":1487124332765,"applyBackgroundUpdates":1,"skinnable":true,"size":19708,"sourceURI":null,"releaseNotesURI":null,"softDisabled":false,"foreignInstall":false,"hasBinaryComponents":false,"strictCompatibility":true,"locales":[],"targetApplications":[{"id":"{ec8030f7-c20a-464f-9b0e-13a3a9e97384}","minVersion":"51.0.1","maxVersion":"51.0.1"}],"targetPlatforms":[],"seen":true,"dependencies":[],"hasEmbeddedWebExtension":false}
1488250214006	DeferredSave.extensions.json	DEBUG	Save changes
1488250214006	addons.xpi	DEBUG	Updating database with changes to installed add-ons
1488250214006	addons.xpi-utils	DEBUG	Updating add-on states
1488250214008	addons.xpi-utils	DEBUG	Writing add-ons list
1488250214012	addons.xpi	DEBUG	Registering manifest for C:\Program Files\Mozilla Firefox\browser\features\aushelper@mozilla.org.xpi
1488250214027	addons.xpi	DEBUG	Loading bootstrap scope from C:\Program Files\Mozilla Firefox\browser\features\aushelper@mozilla.org.xpi
1488250214030	addons.xpi	DEBUG	Calling bootstrap method startup on aushelper@mozilla.org version 1.0
1488250214031	addons.xpi	DEBUG	Registering manifest for C:\Users\ELDEN~1.ZHE\AppData\Local\Temp\rust_mozprofile.fZJL0w80iUFC\features\{c2ba7c4b-ae4a-4f1f-94c6-9058a80620f0}\diagnostics@mozilla.org.xpi
1488250214034	addons.xpi	DEBUG	Calling bootstrap method startup on diagnostics@mozilla.org version 1.0
1488250214035	addons.xpi	DEBUG	Registering manifest for C:\Users\ELDEN~1.ZHE\AppData\Local\Temp\rust_mozprofile.fZJL0w80iUFC\features\{c2ba7c4b-ae4a-4f1f-94c6-9058a80620f0}\disableSHA1rollout@mozilla.org.xpi
1488250214038	addons.xpi	DEBUG	Calling bootstrap method startup on disableSHA1rollout@mozilla.org version 1.2
1488250214038	addons.xpi	DEBUG	Registering manifest for C:\Program Files\Mozilla Firefox\browser\features\e10srollout@mozilla.org.xpi
1488250214050	addons.xpi	DEBUG	Loading bootstrap scope from C:\Program Files\Mozilla Firefox\browser\features\e10srollout@mozilla.org.xpi
1488250214053	addons.xpi	DEBUG	Calling bootstrap method startup on e10srollout@mozilla.org version 1.7
1488250214053	addons.xpi	DEBUG	Registering manifest for C:\Users\ELDEN~1.ZHE\AppData\Local\Temp\rust_mozprofile.fZJL0w80iUFC\extensions\firebug@software.joehewitt.com.xpi
1488250214054	addons.xpi	DEBUG	Calling bootstrap method startup on firebug@software.joehewitt.com version 2.0.18
1488250214065	addons.xpi	DEBUG	Registering manifest for C:\Program Files\Mozilla Firefox\browser\features\firefox@getpocket.com.xpi
1488250214072	addons.xpi	DEBUG	Loading bootstrap scope from C:\Program Files\Mozilla Firefox\browser\features\firefox@getpocket.com.xpi
1488250214079	addons.xpi	DEBUG	Calling bootstrap method startup on firefox@getpocket.com version 1.0.5
1488250214081	addons.xpi	DEBUG	Registering manifest for C:\Users\ELDEN~1.ZHE\AppData\Local\Temp\rust_mozprofile.fZJL0w80iUFC\features\{c2ba7c4b-ae4a-4f1f-94c6-9058a80620f0}\hsts-priming@mozilla.org.xpi
1488250214081	addons.xpi	DEBUG	Calling bootstrap method startup on hsts-priming@mozilla.org version 1.0
1488250214082	addons.xpi	DEBUG	Registering manifest for C:\Program Files\Mozilla Firefox\browser\features\webcompat@mozilla.org.xpi
1488250214083	addons.xpi	DEBUG	Loading bootstrap scope from C:\Program Files\Mozilla Firefox\browser\features\webcompat@mozilla.org.xpi
1488250214086	addons.xpi	DEBUG	Calling bootstrap method startup on webcompat@mozilla.org version 1.0
1488250214088	addons.manager	DEBUG	Registering shutdown blocker for XPIProvider
1488250214088	addons.manager	DEBUG	Provider finished startup: XPIProvider
1488250214088	addons.manager	DEBUG	Starting provider: LightweightThemeManager
1488250214088	addons.manager	DEBUG	Registering shutdown blocker for LightweightThemeManager
1488250214088	addons.manager	DEBUG	Provider finished startup: LightweightThemeManager
1488250214089	addons.manager	DEBUG	Starting provider: GMPProvider
1488250214101	addons.manager	DEBUG	Registering shutdown blocker for GMPProvider
1488250214101	addons.manager	DEBUG	Provider finished startup: GMPProvider
1488250214101	addons.manager	DEBUG	Starting provider: PluginProvider
1488250214101	addons.manager	DEBUG	Registering shutdown blocker for PluginProvider
1488250214102	addons.manager	DEBUG	Provider finished startup: PluginProvider
1488250214102	addons.manager	DEBUG	Completed startup sequence
1488250214612	Marionette	INFO	Listening on port 64991
1488250214761	addons.manager	DEBUG	Starting provider: <unnamed-provider>
1488250214761	addons.manager	DEBUG	Registering shutdown blocker for <unnamed-provider>
1488250214762	addons.manager	DEBUG	Provider finished startup: <unnamed-provider>
1488250214956	addons.manager	DEBUG	Starting provider: PreviousExperimentProvider
1488250214956	addons.manager	DEBUG	Registering shutdown blocker for PreviousExperimentProvider
1488250214957	addons.manager	DEBUG	Provider finished startup: PreviousExperimentProvider
1488250214960	DeferredSave.extensions.json	DEBUG	Starting write
1488250215151	DeferredSave.extensions.json	DEBUG	Write succeeded
JavaScript error: chrome://selenium-ide/content/selenium-ide-overlay.js, line 274: ReferenceError: Application is not defined
1488250216721	Marionette	WARN	Using deprecated data structure for setting timeouts
1488250230364	addons.xpi	DEBUG	Calling bootstrap method shutdown on webcompat@mozilla.org version 1.0
1488250230365	addons.xpi	DEBUG	Calling bootstrap method shutdown on hsts-priming@mozilla.org version 1.0
1488250230366	addons.xpi	DEBUG	Calling bootstrap method shutdown on firefox@getpocket.com version 1.0.5
1488250230367	addons.xpi	DEBUG	Calling bootstrap method shutdown on firebug@software.joehewitt.com version 2.0.18
1488250230368	addons.xpi	DEBUG	Calling bootstrap method shutdown on e10srollout@mozilla.org version 1.7
1488250230368	addons.xpi	DEBUG	Calling bootstrap method shutdown on disableSHA1rollout@mozilla.org version 1.2
1488250230371	addons.xpi	DEBUG	Calling bootstrap method shutdown on diagnostics@mozilla.org version 1.0
1488250230372	addons.xpi	DEBUG	Calling bootstrap method shutdown on aushelper@mozilla.org version 1.0
1488250230670	addons.manager	DEBUG	shutdown
1488250230671	addons.manager	DEBUG	Calling shutdown blocker for XPIProvider
1488250230671	addons.xpi	DEBUG	shutdown
1488250230671	addons.xpi-utils	DEBUG	shutdown
1488250230672	addons.manager	DEBUG	Calling shutdown blocker for LightweightThemeManager
1488250230673	addons.manager	DEBUG	Calling shutdown blocker for GMPProvider
1488250230675	addons.manager	DEBUG	Calling shutdown blocker for PluginProvider
1488250230676	addons.manager	DEBUG	Calling shutdown blocker for <unnamed-provider>
1488250230678	addons.manager	DEBUG	Calling shutdown blocker for PreviousExperimentProvider
1488250230682	addons.xpi	DEBUG	Notifying XPI shutdown observers
1488250230685	addons.manager	DEBUG	Async provider shutdown done
